2025-06-18 17:24:49 - call service to fetch data :
2025-06-18 17:25:41 - call service to fetch data :
2025-06-18 17:26:41 - call service to fetch data :
2025-06-18 17:27:09 - call service to fetch data :
2025-06-18 17:27:10 - [{"his_order_id":"939151002225050510000101","patage":"62 Yr             ","labcode":null,"testparams":null,"testcode":null,"deptcode":null,"sampleNo":"1002","sampleCode":"250505MIC00001","samcollDate":"2025-05-05 14:24:13","pataddress":null,"patward":null,"reqdno":"939151002225050510000101","patient_id":"939152100000382","patient_fname":"Test Usr One    ","patient_mname":"-","patient_lname":"-","patient_sex":"M","patdob":"1963-02-11 00:00:00","phone_number":"7888888889","email_id":"-","patient_type":"Special","center_id":"All India Institue of Medical Sciences, Bathinda","test_id":"10193","test_name":"Bacteriology New Template","sampletypename":"Blood","machineId":null},{"his_order_id":"939151002225040810000101","patage":"62 Yr             ","labcode":null,"testparams":null,"testcode":null,"deptcode":null,"sampleNo":"1002","sampleCode":"250408MIC00000","samcollDate":"2025-04-08 10:23:01","pataddress":null,"patward":null,"reqdno":"939151002225040810000101","patient_id":"939152100000382","patient_fname":"Test Usr One    ","patient_mname":"-","patient_lname":"-","patient_sex":"M","patdob":"1963-02-11 00:00:00","phone_number":"7888888889","email_id":"NA","patient_type":"Special","center_id":"All India Institue of Medical Sciences, Bathinda","test_id":"10193","test_name":"Bacteriology New Template","sampletypename":"Blood","machineId":null}]
2025-06-18 17:27:10 - Call Fun to Save Data in Local Db
2025-06-18 17:27:12 - Stack Trace: java.net.ConnectException: Connection refused: connect
	at java.net.DualStackPlainSocketImpl.connect0(Native Method)
	at java.net.DualStackPlainSocketImpl.socketConnect(DualStackPlainSocketImpl.java:79)
	at java.net.AbstractPlainSocketImpl.doConnect(AbstractPlainSocketImpl.java:350)
	at java.net.AbstractPlainSocketImpl.connectToAddress(AbstractPlainSocketImpl.java:206)
	at java.net.AbstractPlainSocketImpl.connect(AbstractPlainSocketImpl.java:188)
	at java.net.PlainSocketImpl.connect(PlainSocketImpl.java:172)
	at java.net.SocksSocketImpl.connect(SocksSocketImpl.java:392)
	at java.net.Socket.connect(Socket.java:607)
	at java.net.Socket.connect(Socket.java:556)
	at java.net.Socket.<init>(Socket.java:452)
	at java.net.Socket.<init>(Socket.java:229)
	at Server.ServerConnector.sendToVitrosServer(ServerConnector.java:69)
	at Server.Mic.MestriaClient.storeOrderDetailsInDB(MestriaClient.java:215)
	at Server.Mic.MestriaClient.fetchOrderDetailsFromAPI(MestriaClient.java:93)
	at Server.AIIMSLAB.lambda$7(AIIMSLAB.java:565)
	at java.util.concurrent.Executors$RunnableAdapter.call(Executors.java:511)
	at java.util.concurrent.FutureTask.runAndReset(FutureTask.java:308)
	at java.util.concurrent.ScheduledThreadPoolExecutor$ScheduledFutureTask.access$301(ScheduledThreadPoolExecutor.java:180)
	at java.util.concurrent.ScheduledThreadPoolExecutor$ScheduledFutureTask.run(ScheduledThreadPoolExecutor.java:294)
	at java.util.concurrent.ThreadPoolExecutor.runWorker(ThreadPoolExecutor.java:1149)
	at java.util.concurrent.ThreadPoolExecutor$Worker.run(ThreadPoolExecutor.java:624)
	at java.lang.Thread.run(Thread.java:750)

2025-06-18 17:27:12 - Stack Trace: java.lang.Exception: Error connecting to server: Connection refused: connect
	at Server.ServerConnector.sendToVitrosServer(ServerConnector.java:111)
	at Server.Mic.MestriaClient.storeOrderDetailsInDB(MestriaClient.java:215)
	at Server.Mic.MestriaClient.fetchOrderDetailsFromAPI(MestriaClient.java:93)
	at Server.AIIMSLAB.lambda$7(AIIMSLAB.java:565)
	at java.util.concurrent.Executors$RunnableAdapter.call(Executors.java:511)
	at java.util.concurrent.FutureTask.runAndReset(FutureTask.java:308)
	at java.util.concurrent.ScheduledThreadPoolExecutor$ScheduledFutureTask.access$301(ScheduledThreadPoolExecutor.java:180)
	at java.util.concurrent.ScheduledThreadPoolExecutor$ScheduledFutureTask.run(ScheduledThreadPoolExecutor.java:294)
	at java.util.concurrent.ThreadPoolExecutor.runWorker(ThreadPoolExecutor.java:1149)
	at java.util.concurrent.ThreadPoolExecutor$Worker.run(ThreadPoolExecutor.java:624)
	at java.lang.Thread.run(Thread.java:750)

2025-06-18 17:28:09 - call service to fetch data :
2025-06-18 17:28:10 - [{"his_order_id":"939151002225050510000101","patage":"62 Yr             ","labcode":null,"testparams":null,"testcode":null,"deptcode":null,"sampleNo":"1002","sampleCode":"250505MIC00001","samcollDate":"2025-05-05 14:24:13","pataddress":null,"patward":null,"reqdno":"939151002225050510000101","patient_id":"939152100000382","patient_fname":"Test Usr One    ","patient_mname":"-","patient_lname":"-","patient_sex":"M","patdob":"1963-02-11 00:00:00","phone_number":"7888888889","email_id":"-","patient_type":"Special","center_id":"All India Institue of Medical Sciences, Bathinda","test_id":"10193","test_name":"Bacteriology New Template","sampletypename":"Blood","machineId":null},{"his_order_id":"939151002225040810000101","patage":"62 Yr             ","labcode":null,"testparams":null,"testcode":null,"deptcode":null,"sampleNo":"1002","sampleCode":"250408MIC00000","samcollDate":"2025-04-08 10:23:01","pataddress":null,"patward":null,"reqdno":"939151002225040810000101","patient_id":"939152100000382","patient_fname":"Test Usr One    ","patient_mname":"-","patient_lname":"-","patient_sex":"M","patdob":"1963-02-11 00:00:00","phone_number":"7888888889","email_id":"NA","patient_type":"Special","center_id":"All India Institue of Medical Sciences, Bathinda","test_id":"10193","test_name":"Bacteriology New Template","sampletypename":"Blood","machineId":null}]
2025-06-18 17:28:10 - Call Fun to Save Data in Local Db
2025-06-18 17:28:12 - Stack Trace: java.net.ConnectException: Connection refused: connect
	at java.net.DualStackPlainSocketImpl.connect0(Native Method)
	at java.net.DualStackPlainSocketImpl.socketConnect(DualStackPlainSocketImpl.java:79)
	at java.net.AbstractPlainSocketImpl.doConnect(AbstractPlainSocketImpl.java:350)
	at java.net.AbstractPlainSocketImpl.connectToAddress(AbstractPlainSocketImpl.java:206)
	at java.net.AbstractPlainSocketImpl.connect(AbstractPlainSocketImpl.java:188)
	at java.net.PlainSocketImpl.connect(PlainSocketImpl.java:172)
	at java.net.SocksSocketImpl.connect(SocksSocketImpl.java:392)
	at java.net.Socket.connect(Socket.java:607)
	at java.net.Socket.connect(Socket.java:556)
	at java.net.Socket.<init>(Socket.java:452)
	at java.net.Socket.<init>(Socket.java:229)
	at Server.ServerConnector.sendToVitrosServer(ServerConnector.java:69)
	at Server.Mic.MestriaClient.storeOrderDetailsInDB(MestriaClient.java:215)
	at Server.Mic.MestriaClient.fetchOrderDetailsFromAPI(MestriaClient.java:93)
	at Server.AIIMSLAB.lambda$7(AIIMSLAB.java:565)
	at java.util.concurrent.Executors$RunnableAdapter.call(Executors.java:511)
	at java.util.concurrent.FutureTask.runAndReset(FutureTask.java:308)
	at java.util.concurrent.ScheduledThreadPoolExecutor$ScheduledFutureTask.access$301(ScheduledThreadPoolExecutor.java:180)
	at java.util.concurrent.ScheduledThreadPoolExecutor$ScheduledFutureTask.run(ScheduledThreadPoolExecutor.java:294)
	at java.util.concurrent.ThreadPoolExecutor.runWorker(ThreadPoolExecutor.java:1149)
	at java.util.concurrent.ThreadPoolExecutor$Worker.run(ThreadPoolExecutor.java:624)
	at java.lang.Thread.run(Thread.java:750)

2025-06-18 17:28:12 - Stack Trace: java.lang.Exception: Error connecting to server: Connection refused: connect
	at Server.ServerConnector.sendToVitrosServer(ServerConnector.java:111)
	at Server.Mic.MestriaClient.storeOrderDetailsInDB(MestriaClient.java:215)
	at Server.Mic.MestriaClient.fetchOrderDetailsFromAPI(MestriaClient.java:93)
	at Server.AIIMSLAB.lambda$7(AIIMSLAB.java:565)
	at java.util.concurrent.Executors$RunnableAdapter.call(Executors.java:511)
	at java.util.concurrent.FutureTask.runAndReset(FutureTask.java:308)
	at java.util.concurrent.ScheduledThreadPoolExecutor$ScheduledFutureTask.access$301(ScheduledThreadPoolExecutor.java:180)
	at java.util.concurrent.ScheduledThreadPoolExecutor$ScheduledFutureTask.run(ScheduledThreadPoolExecutor.java:294)
	at java.util.concurrent.ThreadPoolExecutor.runWorker(ThreadPoolExecutor.java:1149)
	at java.util.concurrent.ThreadPoolExecutor$Worker.run(ThreadPoolExecutor.java:624)
	at java.lang.Thread.run(Thread.java:750)

2025-06-18 17:29:09 - call service to fetch data :
2025-06-18 17:29:09 - [{"his_order_id":"939151002225050510000101","patage":"62 Yr             ","labcode":null,"testparams":null,"testcode":null,"deptcode":null,"sampleNo":"1002","sampleCode":"250505MIC00001","samcollDate":"2025-05-05 14:24:13","pataddress":null,"patward":null,"reqdno":"939151002225050510000101","patient_id":"939152100000382","patient_fname":"Test Usr One    ","patient_mname":"-","patient_lname":"-","patient_sex":"M","patdob":"1963-02-11 00:00:00","phone_number":"7888888889","email_id":"-","patient_type":"Special","center_id":"All India Institue of Medical Sciences, Bathinda","test_id":"10193","test_name":"Bacteriology New Template","sampletypename":"Blood","machineId":null},{"his_order_id":"939151002225040810000101","patage":"62 Yr             ","labcode":null,"testparams":null,"testcode":null,"deptcode":null,"sampleNo":"1002","sampleCode":"250408MIC00000","samcollDate":"2025-04-08 10:23:01","pataddress":null,"patward":null,"reqdno":"939151002225040810000101","patient_id":"939152100000382","patient_fname":"Test Usr One    ","patient_mname":"-","patient_lname":"-","patient_sex":"M","patdob":"1963-02-11 00:00:00","phone_number":"7888888889","email_id":"NA","patient_type":"Special","center_id":"All India Institue of Medical Sciences, Bathinda","test_id":"10193","test_name":"Bacteriology New Template","sampletypename":"Blood","machineId":null}]
2025-06-18 17:29:09 - Call Fun to Save Data in Local Db
2025-06-18 17:29:12 - Stack Trace: java.net.ConnectException: Connection refused: connect
	at java.net.DualStackPlainSocketImpl.connect0(Native Method)
	at java.net.DualStackPlainSocketImpl.socketConnect(DualStackPlainSocketImpl.java:79)
	at java.net.AbstractPlainSocketImpl.doConnect(AbstractPlainSocketImpl.java:350)
	at java.net.AbstractPlainSocketImpl.connectToAddress(AbstractPlainSocketImpl.java:206)
	at java.net.AbstractPlainSocketImpl.connect(AbstractPlainSocketImpl.java:188)
	at java.net.PlainSocketImpl.connect(PlainSocketImpl.java:172)
	at java.net.SocksSocketImpl.connect(SocksSocketImpl.java:392)
	at java.net.Socket.connect(Socket.java:607)
	at java.net.Socket.connect(Socket.java:556)
	at java.net.Socket.<init>(Socket.java:452)
	at java.net.Socket.<init>(Socket.java:229)
	at Server.ServerConnector.sendToVitrosServer(ServerConnector.java:69)
	at Server.Mic.MestriaClient.storeOrderDetailsInDB(MestriaClient.java:215)
	at Server.Mic.MestriaClient.fetchOrderDetailsFromAPI(MestriaClient.java:93)
	at Server.AIIMSLAB.lambda$7(AIIMSLAB.java:565)
	at java.util.concurrent.Executors$RunnableAdapter.call(Executors.java:511)
	at java.util.concurrent.FutureTask.runAndReset(FutureTask.java:308)
	at java.util.concurrent.ScheduledThreadPoolExecutor$ScheduledFutureTask.access$301(ScheduledThreadPoolExecutor.java:180)
	at java.util.concurrent.ScheduledThreadPoolExecutor$ScheduledFutureTask.run(ScheduledThreadPoolExecutor.java:294)
	at java.util.concurrent.ThreadPoolExecutor.runWorker(ThreadPoolExecutor.java:1149)
	at java.util.concurrent.ThreadPoolExecutor$Worker.run(ThreadPoolExecutor.java:624)
	at java.lang.Thread.run(Thread.java:750)

2025-06-18 17:29:12 - Stack Trace: java.lang.Exception: Error connecting to server: Connection refused: connect
	at Server.ServerConnector.sendToVitrosServer(ServerConnector.java:111)
	at Server.Mic.MestriaClient.storeOrderDetailsInDB(MestriaClient.java:215)
	at Server.Mic.MestriaClient.fetchOrderDetailsFromAPI(MestriaClient.java:93)
	at Server.AIIMSLAB.lambda$7(AIIMSLAB.java:565)
	at java.util.concurrent.Executors$RunnableAdapter.call(Executors.java:511)
	at java.util.concurrent.FutureTask.runAndReset(FutureTask.java:308)
	at java.util.concurrent.ScheduledThreadPoolExecutor$ScheduledFutureTask.access$301(ScheduledThreadPoolExecutor.java:180)
	at java.util.concurrent.ScheduledThreadPoolExecutor$ScheduledFutureTask.run(ScheduledThreadPoolExecutor.java:294)
	at java.util.concurrent.ThreadPoolExecutor.runWorker(ThreadPoolExecutor.java:1149)
	at java.util.concurrent.ThreadPoolExecutor$Worker.run(ThreadPoolExecutor.java:624)
	at java.lang.Thread.run(Thread.java:750)

2025-06-18 17:30:09 - call service to fetch data :
2025-06-18 17:30:10 - [{"his_order_id":"939151002225050510000101","patage":"62 Yr             ","labcode":null,"testparams":null,"testcode":null,"deptcode":null,"sampleNo":"1002","sampleCode":"250505MIC00001","samcollDate":"2025-05-05 14:24:13","pataddress":null,"patward":null,"reqdno":"939151002225050510000101","patient_id":"939152100000382","patient_fname":"Test Usr One    ","patient_mname":"-","patient_lname":"-","patient_sex":"M","patdob":"1963-02-11 00:00:00","phone_number":"7888888889","email_id":"-","patient_type":"Special","center_id":"All India Institue of Medical Sciences, Bathinda","test_id":"10193","test_name":"Bacteriology New Template","sampletypename":"Blood","machineId":null},{"his_order_id":"939151002225040810000101","patage":"62 Yr             ","labcode":null,"testparams":null,"testcode":null,"deptcode":null,"sampleNo":"1002","sampleCode":"250408MIC00000","samcollDate":"2025-04-08 10:23:01","pataddress":null,"patward":null,"reqdno":"939151002225040810000101","patient_id":"939152100000382","patient_fname":"Test Usr One    ","patient_mname":"-","patient_lname":"-","patient_sex":"M","patdob":"1963-02-11 00:00:00","phone_number":"7888888889","email_id":"NA","patient_type":"Special","center_id":"All India Institue of Medical Sciences, Bathinda","test_id":"10193","test_name":"Bacteriology New Template","sampletypename":"Blood","machineId":null}]
2025-06-18 17:30:10 - Call Fun to Save Data in Local Db
2025-06-18 17:30:12 - Stack Trace: java.net.ConnectException: Connection refused: connect
	at java.net.DualStackPlainSocketImpl.connect0(Native Method)
	at java.net.DualStackPlainSocketImpl.socketConnect(DualStackPlainSocketImpl.java:79)
	at java.net.AbstractPlainSocketImpl.doConnect(AbstractPlainSocketImpl.java:350)
	at java.net.AbstractPlainSocketImpl.connectToAddress(AbstractPlainSocketImpl.java:206)
	at java.net.AbstractPlainSocketImpl.connect(AbstractPlainSocketImpl.java:188)
	at java.net.PlainSocketImpl.connect(PlainSocketImpl.java:172)
	at java.net.SocksSocketImpl.connect(SocksSocketImpl.java:392)
	at java.net.Socket.connect(Socket.java:607)
	at java.net.Socket.connect(Socket.java:556)
	at java.net.Socket.<init>(Socket.java:452)
	at java.net.Socket.<init>(Socket.java:229)
	at Server.ServerConnector.sendToVitrosServer(ServerConnector.java:69)
	at Server.Mic.MestriaClient.storeOrderDetailsInDB(MestriaClient.java:215)
	at Server.Mic.MestriaClient.fetchOrderDetailsFromAPI(MestriaClient.java:93)
	at Server.AIIMSLAB.lambda$7(AIIMSLAB.java:565)
	at java.util.concurrent.Executors$RunnableAdapter.call(Executors.java:511)
	at java.util.concurrent.FutureTask.runAndReset(FutureTask.java:308)
	at java.util.concurrent.ScheduledThreadPoolExecutor$ScheduledFutureTask.access$301(ScheduledThreadPoolExecutor.java:180)
	at java.util.concurrent.ScheduledThreadPoolExecutor$ScheduledFutureTask.run(ScheduledThreadPoolExecutor.java:294)
	at java.util.concurrent.ThreadPoolExecutor.runWorker(ThreadPoolExecutor.java:1149)
	at java.util.concurrent.ThreadPoolExecutor$Worker.run(ThreadPoolExecutor.java:624)
	at java.lang.Thread.run(Thread.java:750)

2025-06-18 17:30:12 - Stack Trace: java.lang.Exception: Error connecting to server: Connection refused: connect
	at Server.ServerConnector.sendToVitrosServer(ServerConnector.java:111)
	at Server.Mic.MestriaClient.storeOrderDetailsInDB(MestriaClient.java:215)
	at Server.Mic.MestriaClient.fetchOrderDetailsFromAPI(MestriaClient.java:93)
	at Server.AIIMSLAB.lambda$7(AIIMSLAB.java:565)
	at java.util.concurrent.Executors$RunnableAdapter.call(Executors.java:511)
	at java.util.concurrent.FutureTask.runAndReset(FutureTask.java:308)
	at java.util.concurrent.ScheduledThreadPoolExecutor$ScheduledFutureTask.access$301(ScheduledThreadPoolExecutor.java:180)
	at java.util.concurrent.ScheduledThreadPoolExecutor$ScheduledFutureTask.run(ScheduledThreadPoolExecutor.java:294)
	at java.util.concurrent.ThreadPoolExecutor.runWorker(ThreadPoolExecutor.java:1149)
	at java.util.concurrent.ThreadPoolExecutor$Worker.run(ThreadPoolExecutor.java:624)
	at java.lang.Thread.run(Thread.java:750)

2025-06-18 17:31:09 - call service to fetch data :
2025-06-18 17:31:10 - [{"his_order_id":"939151002225050510000101","patage":"62 Yr             ","labcode":null,"testparams":null,"testcode":null,"deptcode":null,"sampleNo":"1002","sampleCode":"250505MIC00001","samcollDate":"2025-05-05 14:24:13","pataddress":null,"patward":null,"reqdno":"939151002225050510000101","patient_id":"939152100000382","patient_fname":"Test Usr One    ","patient_mname":"-","patient_lname":"-","patient_sex":"M","patdob":"1963-02-11 00:00:00","phone_number":"7888888889","email_id":"-","patient_type":"Special","center_id":"All India Institue of Medical Sciences, Bathinda","test_id":"10193","test_name":"Bacteriology New Template","sampletypename":"Blood","machineId":null},{"his_order_id":"939151002225040810000101","patage":"62 Yr             ","labcode":null,"testparams":null,"testcode":null,"deptcode":null,"sampleNo":"1002","sampleCode":"250408MIC00000","samcollDate":"2025-04-08 10:23:01","pataddress":null,"patward":null,"reqdno":"939151002225040810000101","patient_id":"939152100000382","patient_fname":"Test Usr One    ","patient_mname":"-","patient_lname":"-","patient_sex":"M","patdob":"1963-02-11 00:00:00","phone_number":"7888888889","email_id":"NA","patient_type":"Special","center_id":"All India Institue of Medical Sciences, Bathinda","test_id":"10193","test_name":"Bacteriology New Template","sampletypename":"Blood","machineId":null}]
2025-06-18 17:31:10 - Call Fun to Save Data in Local Db
2025-06-18 17:31:12 - Stack Trace: java.net.ConnectException: Connection refused: connect
	at java.net.DualStackPlainSocketImpl.connect0(Native Method)
	at java.net.DualStackPlainSocketImpl.socketConnect(DualStackPlainSocketImpl.java:79)
	at java.net.AbstractPlainSocketImpl.doConnect(AbstractPlainSocketImpl.java:350)
	at java.net.AbstractPlainSocketImpl.connectToAddress(AbstractPlainSocketImpl.java:206)
	at java.net.AbstractPlainSocketImpl.connect(AbstractPlainSocketImpl.java:188)
	at java.net.PlainSocketImpl.connect(PlainSocketImpl.java:172)
	at java.net.SocksSocketImpl.connect(SocksSocketImpl.java:392)
	at java.net.Socket.connect(Socket.java:607)
	at java.net.Socket.connect(Socket.java:556)
	at java.net.Socket.<init>(Socket.java:452)
	at java.net.Socket.<init>(Socket.java:229)
	at Server.ServerConnector.sendToVitrosServer(ServerConnector.java:69)
	at Server.Mic.MestriaClient.storeOrderDetailsInDB(MestriaClient.java:215)
	at Server.Mic.MestriaClient.fetchOrderDetailsFromAPI(MestriaClient.java:93)
	at Server.AIIMSLAB.lambda$7(AIIMSLAB.java:565)
	at java.util.concurrent.Executors$RunnableAdapter.call(Executors.java:511)
	at java.util.concurrent.FutureTask.runAndReset(FutureTask.java:308)
	at java.util.concurrent.ScheduledThreadPoolExecutor$ScheduledFutureTask.access$301(ScheduledThreadPoolExecutor.java:180)
	at java.util.concurrent.ScheduledThreadPoolExecutor$ScheduledFutureTask.run(ScheduledThreadPoolExecutor.java:294)
	at java.util.concurrent.ThreadPoolExecutor.runWorker(ThreadPoolExecutor.java:1149)
	at java.util.concurrent.ThreadPoolExecutor$Worker.run(ThreadPoolExecutor.java:624)
	at java.lang.Thread.run(Thread.java:750)

2025-06-18 17:31:12 - Stack Trace: java.lang.Exception: Error connecting to server: Connection refused: connect
	at Server.ServerConnector.sendToVitrosServer(ServerConnector.java:111)
	at Server.Mic.MestriaClient.storeOrderDetailsInDB(MestriaClient.java:215)
	at Server.Mic.MestriaClient.fetchOrderDetailsFromAPI(MestriaClient.java:93)
	at Server.AIIMSLAB.lambda$7(AIIMSLAB.java:565)
	at java.util.concurrent.Executors$RunnableAdapter.call(Executors.java:511)
	at java.util.concurrent.FutureTask.runAndReset(FutureTask.java:308)
	at java.util.concurrent.ScheduledThreadPoolExecutor$ScheduledFutureTask.access$301(ScheduledThreadPoolExecutor.java:180)
	at java.util.concurrent.ScheduledThreadPoolExecutor$ScheduledFutureTask.run(ScheduledThreadPoolExecutor.java:294)
	at java.util.concurrent.ThreadPoolExecutor.runWorker(ThreadPoolExecutor.java:1149)
	at java.util.concurrent.ThreadPoolExecutor$Worker.run(ThreadPoolExecutor.java:624)
	at java.lang.Thread.run(Thread.java:750)

2025-06-18 17:31:47 - call service to fetch data :
2025-06-18 17:31:47 - [{"his_order_id":"939151002225050510000101","patage":"62 Yr             ","labcode":null,"testparams":null,"testcode":null,"deptcode":null,"sampleNo":"1002","sampleCode":"250505MIC00001","samcollDate":"2025-05-05 14:24:13","pataddress":null,"patward":null,"reqdno":"939151002225050510000101","patient_id":"939152100000382","patient_fname":"Test Usr One    ","patient_mname":"-","patient_lname":"-","patient_sex":"M","patdob":"1963-02-11 00:00:00","phone_number":"7888888889","email_id":"-","patient_type":"Special","center_id":"All India Institue of Medical Sciences, Bathinda","test_id":"10193","test_name":"Bacteriology New Template","sampletypename":"Blood","machineId":null},{"his_order_id":"939151002225040810000101","patage":"62 Yr             ","labcode":null,"testparams":null,"testcode":null,"deptcode":null,"sampleNo":"1002","sampleCode":"250408MIC00000","samcollDate":"2025-04-08 10:23:01","pataddress":null,"patward":null,"reqdno":"939151002225040810000101","patient_id":"939152100000382","patient_fname":"Test Usr One    ","patient_mname":"-","patient_lname":"-","patient_sex":"M","patdob":"1963-02-11 00:00:00","phone_number":"7888888889","email_id":"NA","patient_type":"Special","center_id":"All India Institue of Medical Sciences, Bathinda","test_id":"10193","test_name":"Bacteriology New Template","sampletypename":"Blood","machineId":null}]
2025-06-18 17:31:47 - Call Fun to Save Data in Local Db
2025-06-18 17:31:50 - Stack Trace: java.net.ConnectException: Connection refused: connect
	at java.net.DualStackPlainSocketImpl.connect0(Native Method)
	at java.net.DualStackPlainSocketImpl.socketConnect(DualStackPlainSocketImpl.java:79)
	at java.net.AbstractPlainSocketImpl.doConnect(AbstractPlainSocketImpl.java:350)
	at java.net.AbstractPlainSocketImpl.connectToAddress(AbstractPlainSocketImpl.java:206)
	at java.net.AbstractPlainSocketImpl.connect(AbstractPlainSocketImpl.java:188)
	at java.net.PlainSocketImpl.connect(PlainSocketImpl.java:172)
	at java.net.SocksSocketImpl.connect(SocksSocketImpl.java:392)
	at java.net.Socket.connect(Socket.java:607)
	at java.net.Socket.connect(Socket.java:556)
	at java.net.Socket.<init>(Socket.java:452)
	at java.net.Socket.<init>(Socket.java:229)
	at Server.ServerConnector.sendToVitrosServer(ServerConnector.java:69)
	at Server.Mic.MestriaClient.storeOrderDetailsInDB(MestriaClient.java:210)
	at Server.Mic.MestriaClient.fetchOrderDetailsFromAPI(MestriaClient.java:93)
	at Server.AIIMSLAB.lambda$7(AIIMSLAB.java:565)
	at java.util.concurrent.Executors$RunnableAdapter.call(Executors.java:511)
	at java.util.concurrent.FutureTask.runAndReset(FutureTask.java:308)
	at java.util.concurrent.ScheduledThreadPoolExecutor$ScheduledFutureTask.access$301(ScheduledThreadPoolExecutor.java:180)
	at java.util.concurrent.ScheduledThreadPoolExecutor$ScheduledFutureTask.run(ScheduledThreadPoolExecutor.java:294)
	at java.util.concurrent.ThreadPoolExecutor.runWorker(ThreadPoolExecutor.java:1149)
	at java.util.concurrent.ThreadPoolExecutor$Worker.run(ThreadPoolExecutor.java:624)
	at java.lang.Thread.run(Thread.java:750)

2025-06-18 17:31:50 - Stack Trace: java.lang.Exception: Error connecting to server: Connection refused: connect
	at Server.ServerConnector.sendToVitrosServer(ServerConnector.java:111)
	at Server.Mic.MestriaClient.storeOrderDetailsInDB(MestriaClient.java:210)
	at Server.Mic.MestriaClient.fetchOrderDetailsFromAPI(MestriaClient.java:93)
	at Server.AIIMSLAB.lambda$7(AIIMSLAB.java:565)
	at java.util.concurrent.Executors$RunnableAdapter.call(Executors.java:511)
	at java.util.concurrent.FutureTask.runAndReset(FutureTask.java:308)
	at java.util.concurrent.ScheduledThreadPoolExecutor$ScheduledFutureTask.access$301(ScheduledThreadPoolExecutor.java:180)
	at java.util.concurrent.ScheduledThreadPoolExecutor$ScheduledFutureTask.run(ScheduledThreadPoolExecutor.java:294)
	at java.util.concurrent.ThreadPoolExecutor.runWorker(ThreadPoolExecutor.java:1149)
	at java.util.concurrent.ThreadPoolExecutor$Worker.run(ThreadPoolExecutor.java:624)
	at java.lang.Thread.run(Thread.java:750)

2025-06-18 17:32:47 - call service to fetch data :
2025-06-18 17:32:47 - [{"his_order_id":"939151002225050510000101","patage":"62 Yr             ","labcode":null,"testparams":null,"testcode":null,"deptcode":null,"sampleNo":"1002","sampleCode":"250505MIC00001","samcollDate":"2025-05-05 14:24:13","pataddress":null,"patward":null,"reqdno":"939151002225050510000101","patient_id":"939152100000382","patient_fname":"Test Usr One    ","patient_mname":"-","patient_lname":"-","patient_sex":"M","patdob":"1963-02-11 00:00:00","phone_number":"7888888889","email_id":"-","patient_type":"Special","center_id":"All India Institue of Medical Sciences, Bathinda","test_id":"10193","test_name":"Bacteriology New Template","sampletypename":"Blood","machineId":null},{"his_order_id":"939151002225040810000101","patage":"62 Yr             ","labcode":null,"testparams":null,"testcode":null,"deptcode":null,"sampleNo":"1002","sampleCode":"250408MIC00000","samcollDate":"2025-04-08 10:23:01","pataddress":null,"patward":null,"reqdno":"939151002225040810000101","patient_id":"939152100000382","patient_fname":"Test Usr One    ","patient_mname":"-","patient_lname":"-","patient_sex":"M","patdob":"1963-02-11 00:00:00","phone_number":"7888888889","email_id":"NA","patient_type":"Special","center_id":"All India Institue of Medical Sciences, Bathinda","test_id":"10193","test_name":"Bacteriology New Template","sampletypename":"Blood","machineId":null}]
2025-06-18 17:32:47 - Call Fun to Save Data in Local Db
2025-06-18 17:32:50 - Stack Trace: java.net.ConnectException: Connection refused: connect
	at java.net.DualStackPlainSocketImpl.connect0(Native Method)
	at java.net.DualStackPlainSocketImpl.socketConnect(DualStackPlainSocketImpl.java:79)
	at java.net.AbstractPlainSocketImpl.doConnect(AbstractPlainSocketImpl.java:350)
	at java.net.AbstractPlainSocketImpl.connectToAddress(AbstractPlainSocketImpl.java:206)
	at java.net.AbstractPlainSocketImpl.connect(AbstractPlainSocketImpl.java:188)
	at java.net.PlainSocketImpl.connect(PlainSocketImpl.java:172)
	at java.net.SocksSocketImpl.connect(SocksSocketImpl.java:392)
	at java.net.Socket.connect(Socket.java:607)
	at java.net.Socket.connect(Socket.java:556)
	at java.net.Socket.<init>(Socket.java:452)
	at java.net.Socket.<init>(Socket.java:229)
	at Server.ServerConnector.sendToVitrosServer(ServerConnector.java:69)
	at Server.Mic.MestriaClient.storeOrderDetailsInDB(MestriaClient.java:210)
	at Server.Mic.MestriaClient.fetchOrderDetailsFromAPI(MestriaClient.java:93)
	at Server.AIIMSLAB.lambda$7(AIIMSLAB.java:565)
	at java.util.concurrent.Executors$RunnableAdapter.call(Executors.java:511)
	at java.util.concurrent.FutureTask.runAndReset(FutureTask.java:308)
	at java.util.concurrent.ScheduledThreadPoolExecutor$ScheduledFutureTask.access$301(ScheduledThreadPoolExecutor.java:180)
	at java.util.concurrent.ScheduledThreadPoolExecutor$ScheduledFutureTask.run(ScheduledThreadPoolExecutor.java:294)
	at java.util.concurrent.ThreadPoolExecutor.runWorker(ThreadPoolExecutor.java:1149)
	at java.util.concurrent.ThreadPoolExecutor$Worker.run(ThreadPoolExecutor.java:624)
	at java.lang.Thread.run(Thread.java:750)

2025-06-18 17:32:50 - Stack Trace: java.lang.Exception: Error connecting to server: Connection refused: connect
	at Server.ServerConnector.sendToVitrosServer(ServerConnector.java:111)
	at Server.Mic.MestriaClient.storeOrderDetailsInDB(MestriaClient.java:210)
	at Server.Mic.MestriaClient.fetchOrderDetailsFromAPI(MestriaClient.java:93)
	at Server.AIIMSLAB.lambda$7(AIIMSLAB.java:565)
	at java.util.concurrent.Executors$RunnableAdapter.call(Executors.java:511)
	at java.util.concurrent.FutureTask.runAndReset(FutureTask.java:308)
	at java.util.concurrent.ScheduledThreadPoolExecutor$ScheduledFutureTask.access$301(ScheduledThreadPoolExecutor.java:180)
	at java.util.concurrent.ScheduledThreadPoolExecutor$ScheduledFutureTask.run(ScheduledThreadPoolExecutor.java:294)
	at java.util.concurrent.ThreadPoolExecutor.runWorker(ThreadPoolExecutor.java:1149)
	at java.util.concurrent.ThreadPoolExecutor$Worker.run(ThreadPoolExecutor.java:624)
	at java.lang.Thread.run(Thread.java:750)

2025-06-18 17:33:06 - call service to fetch data :
2025-06-18 17:33:06 - [{"his_order_id":"939151002225050510000101","patage":"62 Yr             ","labcode":null,"testparams":null,"testcode":null,"deptcode":null,"sampleNo":"1002","sampleCode":"250505MIC00001","samcollDate":"2025-05-05 14:24:13","pataddress":null,"patward":null,"reqdno":"939151002225050510000101","patient_id":"939152100000382","patient_fname":"Test Usr One    ","patient_mname":"-","patient_lname":"-","patient_sex":"M","patdob":"1963-02-11 00:00:00","phone_number":"7888888889","email_id":"-","patient_type":"Special","center_id":"All India Institue of Medical Sciences, Bathinda","test_id":"10193","test_name":"Bacteriology New Template","sampletypename":"Blood","machineId":null},{"his_order_id":"939151002225040810000101","patage":"62 Yr             ","labcode":null,"testparams":null,"testcode":null,"deptcode":null,"sampleNo":"1002","sampleCode":"250408MIC00000","samcollDate":"2025-04-08 10:23:01","pataddress":null,"patward":null,"reqdno":"939151002225040810000101","patient_id":"939152100000382","patient_fname":"Test Usr One    ","patient_mname":"-","patient_lname":"-","patient_sex":"M","patdob":"1963-02-11 00:00:00","phone_number":"7888888889","email_id":"NA","patient_type":"Special","center_id":"All India Institue of Medical Sciences, Bathinda","test_id":"10193","test_name":"Bacteriology New Template","sampletypename":"Blood","machineId":null}]
2025-06-18 17:33:06 - Call Fun to Save Data in Local Db
2025-06-18 17:33:09 - Stack Trace: java.net.ConnectException: Connection refused: connect
	at java.net.DualStackPlainSocketImpl.connect0(Native Method)
	at java.net.DualStackPlainSocketImpl.socketConnect(DualStackPlainSocketImpl.java:79)
	at java.net.AbstractPlainSocketImpl.doConnect(AbstractPlainSocketImpl.java:350)
	at java.net.AbstractPlainSocketImpl.connectToAddress(AbstractPlainSocketImpl.java:206)
	at java.net.AbstractPlainSocketImpl.connect(AbstractPlainSocketImpl.java:188)
	at java.net.PlainSocketImpl.connect(PlainSocketImpl.java:172)
	at java.net.SocksSocketImpl.connect(SocksSocketImpl.java:392)
	at java.net.Socket.connect(Socket.java:607)
	at java.net.Socket.connect(Socket.java:556)
	at java.net.Socket.<init>(Socket.java:452)
	at java.net.Socket.<init>(Socket.java:229)
	at Server.ServerConnector.sendToVitrosServer(ServerConnector.java:69)
	at Server.Mic.MestriaClient.storeOrderDetailsInDB(MestriaClient.java:210)
	at Server.Mic.MestriaClient.fetchOrderDetailsFromAPI(MestriaClient.java:93)
	at Server.AIIMSLAB.lambda$7(AIIMSLAB.java:565)
	at java.util.concurrent.Executors$RunnableAdapter.call(Executors.java:511)
	at java.util.concurrent.FutureTask.runAndReset(FutureTask.java:308)
	at java.util.concurrent.ScheduledThreadPoolExecutor$ScheduledFutureTask.access$301(ScheduledThreadPoolExecutor.java:180)
	at java.util.concurrent.ScheduledThreadPoolExecutor$ScheduledFutureTask.run(ScheduledThreadPoolExecutor.java:294)
	at java.util.concurrent.ThreadPoolExecutor.runWorker(ThreadPoolExecutor.java:1149)
	at java.util.concurrent.ThreadPoolExecutor$Worker.run(ThreadPoolExecutor.java:624)
	at java.lang.Thread.run(Thread.java:750)

2025-06-18 17:33:09 - Stack Trace: java.lang.Exception: Error connecting to server: Connection refused: connect
	at Server.ServerConnector.sendToVitrosServer(ServerConnector.java:111)
	at Server.Mic.MestriaClient.storeOrderDetailsInDB(MestriaClient.java:210)
	at Server.Mic.MestriaClient.fetchOrderDetailsFromAPI(MestriaClient.java:93)
	at Server.AIIMSLAB.lambda$7(AIIMSLAB.java:565)
	at java.util.concurrent.Executors$RunnableAdapter.call(Executors.java:511)
	at java.util.concurrent.FutureTask.runAndReset(FutureTask.java:308)
	at java.util.concurrent.ScheduledThreadPoolExecutor$ScheduledFutureTask.access$301(ScheduledThreadPoolExecutor.java:180)
	at java.util.concurrent.ScheduledThreadPoolExecutor$ScheduledFutureTask.run(ScheduledThreadPoolExecutor.java:294)
	at java.util.concurrent.ThreadPoolExecutor.runWorker(ThreadPoolExecutor.java:1149)
	at java.util.concurrent.ThreadPoolExecutor$Worker.run(ThreadPoolExecutor.java:624)
	at java.lang.Thread.run(Thread.java:750)

2025-06-18 17:34:06 - call service to fetch data :
2025-06-18 17:34:06 - [{"his_order_id":"939151002225050510000101","patage":"62 Yr             ","labcode":null,"testparams":null,"testcode":null,"deptcode":null,"sampleNo":"1002","sampleCode":"250505MIC00001","samcollDate":"2025-05-05 14:24:13","pataddress":null,"patward":null,"reqdno":"939151002225050510000101","patient_id":"939152100000382","patient_fname":"Test Usr One    ","patient_mname":"-","patient_lname":"-","patient_sex":"M","patdob":"1963-02-11 00:00:00","phone_number":"7888888889","email_id":"-","patient_type":"Special","center_id":"All India Institue of Medical Sciences, Bathinda","test_id":"10193","test_name":"Bacteriology New Template","sampletypename":"Blood","machineId":null},{"his_order_id":"939151002225040810000101","patage":"62 Yr             ","labcode":null,"testparams":null,"testcode":null,"deptcode":null,"sampleNo":"1002","sampleCode":"250408MIC00000","samcollDate":"2025-04-08 10:23:01","pataddress":null,"patward":null,"reqdno":"939151002225040810000101","patient_id":"939152100000382","patient_fname":"Test Usr One    ","patient_mname":"-","patient_lname":"-","patient_sex":"M","patdob":"1963-02-11 00:00:00","phone_number":"7888888889","email_id":"NA","patient_type":"Special","center_id":"All India Institue of Medical Sciences, Bathinda","test_id":"10193","test_name":"Bacteriology New Template","sampletypename":"Blood","machineId":null}]
2025-06-18 17:34:06 - Call Fun to Save Data in Local Db
2025-06-18 17:34:09 - Stack Trace: java.net.ConnectException: Connection refused: connect
	at java.net.DualStackPlainSocketImpl.connect0(Native Method)
	at java.net.DualStackPlainSocketImpl.socketConnect(DualStackPlainSocketImpl.java:79)
	at java.net.AbstractPlainSocketImpl.doConnect(AbstractPlainSocketImpl.java:350)
	at java.net.AbstractPlainSocketImpl.connectToAddress(AbstractPlainSocketImpl.java:206)
	at java.net.AbstractPlainSocketImpl.connect(AbstractPlainSocketImpl.java:188)
	at java.net.PlainSocketImpl.connect(PlainSocketImpl.java:172)
	at java.net.SocksSocketImpl.connect(SocksSocketImpl.java:392)
	at java.net.Socket.connect(Socket.java:607)
	at java.net.Socket.connect(Socket.java:556)
	at java.net.Socket.<init>(Socket.java:452)
	at java.net.Socket.<init>(Socket.java:229)
	at Server.ServerConnector.sendToVitrosServer(ServerConnector.java:69)
	at Server.Mic.MestriaClient.storeOrderDetailsInDB(MestriaClient.java:210)
	at Server.Mic.MestriaClient.fetchOrderDetailsFromAPI(MestriaClient.java:93)
	at Server.AIIMSLAB.lambda$7(AIIMSLAB.java:565)
	at java.util.concurrent.Executors$RunnableAdapter.call(Executors.java:511)
	at java.util.concurrent.FutureTask.runAndReset(FutureTask.java:308)
	at java.util.concurrent.ScheduledThreadPoolExecutor$ScheduledFutureTask.access$301(ScheduledThreadPoolExecutor.java:180)
	at java.util.concurrent.ScheduledThreadPoolExecutor$ScheduledFutureTask.run(ScheduledThreadPoolExecutor.java:294)
	at java.util.concurrent.ThreadPoolExecutor.runWorker(ThreadPoolExecutor.java:1149)
	at java.util.concurrent.ThreadPoolExecutor$Worker.run(ThreadPoolExecutor.java:624)
	at java.lang.Thread.run(Thread.java:750)

2025-06-18 17:34:09 - Stack Trace: java.lang.Exception: Error connecting to server: Connection refused: connect
	at Server.ServerConnector.sendToVitrosServer(ServerConnector.java:111)
	at Server.Mic.MestriaClient.storeOrderDetailsInDB(MestriaClient.java:210)
	at Server.Mic.MestriaClient.fetchOrderDetailsFromAPI(MestriaClient.java:93)
	at Server.AIIMSLAB.lambda$7(AIIMSLAB.java:565)
	at java.util.concurrent.Executors$RunnableAdapter.call(Executors.java:511)
	at java.util.concurrent.FutureTask.runAndReset(FutureTask.java:308)
	at java.util.concurrent.ScheduledThreadPoolExecutor$ScheduledFutureTask.access$301(ScheduledThreadPoolExecutor.java:180)
	at java.util.concurrent.ScheduledThreadPoolExecutor$ScheduledFutureTask.run(ScheduledThreadPoolExecutor.java:294)
	at java.util.concurrent.ThreadPoolExecutor.runWorker(ThreadPoolExecutor.java:1149)
	at java.util.concurrent.ThreadPoolExecutor$Worker.run(ThreadPoolExecutor.java:624)
	at java.lang.Thread.run(Thread.java:750)

2025-06-18 17:35:06 - call service to fetch data :
2025-06-18 17:35:06 - [{"his_order_id":"939151002225050510000101","patage":"62 Yr             ","labcode":null,"testparams":null,"testcode":null,"deptcode":null,"sampleNo":"1002","sampleCode":"250505MIC00001","samcollDate":"2025-05-05 14:24:13","pataddress":null,"patward":null,"reqdno":"939151002225050510000101","patient_id":"939152100000382","patient_fname":"Test Usr One    ","patient_mname":"-","patient_lname":"-","patient_sex":"M","patdob":"1963-02-11 00:00:00","phone_number":"7888888889","email_id":"-","patient_type":"Special","center_id":"All India Institue of Medical Sciences, Bathinda","test_id":"10193","test_name":"Bacteriology New Template","sampletypename":"Blood","machineId":null},{"his_order_id":"939151002225040810000101","patage":"62 Yr             ","labcode":null,"testparams":null,"testcode":null,"deptcode":null,"sampleNo":"1002","sampleCode":"250408MIC00000","samcollDate":"2025-04-08 10:23:01","pataddress":null,"patward":null,"reqdno":"939151002225040810000101","patient_id":"939152100000382","patient_fname":"Test Usr One    ","patient_mname":"-","patient_lname":"-","patient_sex":"M","patdob":"1963-02-11 00:00:00","phone_number":"7888888889","email_id":"NA","patient_type":"Special","center_id":"All India Institue of Medical Sciences, Bathinda","test_id":"10193","test_name":"Bacteriology New Template","sampletypename":"Blood","machineId":null}]
2025-06-18 17:35:06 - Call Fun to Save Data in Local Db
2025-06-18 17:35:09 - Stack Trace: java.net.ConnectException: Connection refused: connect
	at java.net.DualStackPlainSocketImpl.connect0(Native Method)
	at java.net.DualStackPlainSocketImpl.socketConnect(DualStackPlainSocketImpl.java:79)
	at java.net.AbstractPlainSocketImpl.doConnect(AbstractPlainSocketImpl.java:350)
	at java.net.AbstractPlainSocketImpl.connectToAddress(AbstractPlainSocketImpl.java:206)
	at java.net.AbstractPlainSocketImpl.connect(AbstractPlainSocketImpl.java:188)
	at java.net.PlainSocketImpl.connect(PlainSocketImpl.java:172)
	at java.net.SocksSocketImpl.connect(SocksSocketImpl.java:392)
	at java.net.Socket.connect(Socket.java:607)
	at java.net.Socket.connect(Socket.java:556)
	at java.net.Socket.<init>(Socket.java:452)
	at java.net.Socket.<init>(Socket.java:229)
	at Server.ServerConnector.sendToVitrosServer(ServerConnector.java:69)
	at Server.Mic.MestriaClient.storeOrderDetailsInDB(MestriaClient.java:210)
	at Server.Mic.MestriaClient.fetchOrderDetailsFromAPI(MestriaClient.java:93)
	at Server.AIIMSLAB.lambda$7(AIIMSLAB.java:565)
	at java.util.concurrent.Executors$RunnableAdapter.call(Executors.java:511)
	at java.util.concurrent.FutureTask.runAndReset(FutureTask.java:308)
	at java.util.concurrent.ScheduledThreadPoolExecutor$ScheduledFutureTask.access$301(ScheduledThreadPoolExecutor.java:180)
	at java.util.concurrent.ScheduledThreadPoolExecutor$ScheduledFutureTask.run(ScheduledThreadPoolExecutor.java:294)
	at java.util.concurrent.ThreadPoolExecutor.runWorker(ThreadPoolExecutor.java:1149)
	at java.util.concurrent.ThreadPoolExecutor$Worker.run(ThreadPoolExecutor.java:624)
	at java.lang.Thread.run(Thread.java:750)

2025-06-18 17:35:09 - Stack Trace: java.lang.Exception: Error connecting to server: Connection refused: connect
	at Server.ServerConnector.sendToVitrosServer(ServerConnector.java:111)
	at Server.Mic.MestriaClient.storeOrderDetailsInDB(MestriaClient.java:210)
	at Server.Mic.MestriaClient.fetchOrderDetailsFromAPI(MestriaClient.java:93)
	at Server.AIIMSLAB.lambda$7(AIIMSLAB.java:565)
	at java.util.concurrent.Executors$RunnableAdapter.call(Executors.java:511)
	at java.util.concurrent.FutureTask.runAndReset(FutureTask.java:308)
	at java.util.concurrent.ScheduledThreadPoolExecutor$ScheduledFutureTask.access$301(ScheduledThreadPoolExecutor.java:180)
	at java.util.concurrent.ScheduledThreadPoolExecutor$ScheduledFutureTask.run(ScheduledThreadPoolExecutor.java:294)
	at java.util.concurrent.ThreadPoolExecutor.runWorker(ThreadPoolExecutor.java:1149)
	at java.util.concurrent.ThreadPoolExecutor$Worker.run(ThreadPoolExecutor.java:624)
	at java.lang.Thread.run(Thread.java:750)

2025-06-18 17:36:13 - call service to fetch data :
2025-06-18 17:36:13 - [{"his_order_id":"939151002225050510000101","patage":"62 Yr             ","labcode":null,"testparams":null,"testcode":null,"deptcode":null,"sampleNo":"250505MIC00001","sampleCode":"1002","samcollDate":"2025-05-05 14:24:13","pataddress":null,"patward":null,"reqdno":"939151002225050510000101","patient_id":"939152100000382","patient_fname":"Test Usr One    ","patient_mname":"-","patient_lname":"-","patient_sex":"M","patdob":"1963-02-11 00:00:00","phone_number":"7888888889","email_id":"-","patient_type":"Special","center_id":"All India Institue of Medical Sciences, Bathinda","test_id":"10193","test_name":"Bacteriology New Template","sampletypename":"Blood","machineId":null},{"his_order_id":"939151002225040810000101","patage":"62 Yr             ","labcode":null,"testparams":null,"testcode":null,"deptcode":null,"sampleNo":"250408MIC00000","sampleCode":"1002","samcollDate":"2025-04-08 10:23:01","pataddress":null,"patward":null,"reqdno":"939151002225040810000101","patient_id":"939152100000382","patient_fname":"Test Usr One    ","patient_mname":"-","patient_lname":"-","patient_sex":"M","patdob":"1963-02-11 00:00:00","phone_number":"7888888889","email_id":"NA","patient_type":"Special","center_id":"All India Institue of Medical Sciences, Bathinda","test_id":"10193","test_name":"Bacteriology New Template","sampletypename":"Blood","machineId":null}]
2025-06-18 17:36:13 - Call Fun to Save Data in Local Db
2025-06-18 17:36:16 - Stack Trace: java.net.ConnectException: Connection refused: connect
	at java.net.DualStackPlainSocketImpl.connect0(Native Method)
	at java.net.DualStackPlainSocketImpl.socketConnect(DualStackPlainSocketImpl.java:79)
	at java.net.AbstractPlainSocketImpl.doConnect(AbstractPlainSocketImpl.java:350)
	at java.net.AbstractPlainSocketImpl.connectToAddress(AbstractPlainSocketImpl.java:206)
	at java.net.AbstractPlainSocketImpl.connect(AbstractPlainSocketImpl.java:188)
	at java.net.PlainSocketImpl.connect(PlainSocketImpl.java:172)
	at java.net.SocksSocketImpl.connect(SocksSocketImpl.java:392)
	at java.net.Socket.connect(Socket.java:607)
	at java.net.Socket.connect(Socket.java:556)
	at java.net.Socket.<init>(Socket.java:452)
	at java.net.Socket.<init>(Socket.java:229)
	at Server.ServerConnector.sendToVitrosServer(ServerConnector.java:69)
	at Server.Mic.MestriaClient.storeOrderDetailsInDB(MestriaClient.java:210)
	at Server.Mic.MestriaClient.fetchOrderDetailsFromAPI(MestriaClient.java:93)
	at Server.AIIMSLAB.lambda$7(AIIMSLAB.java:565)
	at java.util.concurrent.Executors$RunnableAdapter.call(Executors.java:511)
	at java.util.concurrent.FutureTask.runAndReset(FutureTask.java:308)
	at java.util.concurrent.ScheduledThreadPoolExecutor$ScheduledFutureTask.access$301(ScheduledThreadPoolExecutor.java:180)
	at java.util.concurrent.ScheduledThreadPoolExecutor$ScheduledFutureTask.run(ScheduledThreadPoolExecutor.java:294)
	at java.util.concurrent.ThreadPoolExecutor.runWorker(ThreadPoolExecutor.java:1149)
	at java.util.concurrent.ThreadPoolExecutor$Worker.run(ThreadPoolExecutor.java:624)
	at java.lang.Thread.run(Thread.java:750)

2025-06-18 17:36:16 - Stack Trace: java.lang.Exception: Error connecting to server: Connection refused: connect
	at Server.ServerConnector.sendToVitrosServer(ServerConnector.java:111)
	at Server.Mic.MestriaClient.storeOrderDetailsInDB(MestriaClient.java:210)
	at Server.Mic.MestriaClient.fetchOrderDetailsFromAPI(MestriaClient.java:93)
	at Server.AIIMSLAB.lambda$7(AIIMSLAB.java:565)
	at java.util.concurrent.Executors$RunnableAdapter.call(Executors.java:511)
	at java.util.concurrent.FutureTask.runAndReset(FutureTask.java:308)
	at java.util.concurrent.ScheduledThreadPoolExecutor$ScheduledFutureTask.access$301(ScheduledThreadPoolExecutor.java:180)
	at java.util.concurrent.ScheduledThreadPoolExecutor$ScheduledFutureTask.run(ScheduledThreadPoolExecutor.java:294)
	at java.util.concurrent.ThreadPoolExecutor.runWorker(ThreadPoolExecutor.java:1149)
	at java.util.concurrent.ThreadPoolExecutor$Worker.run(ThreadPoolExecutor.java:624)
	at java.lang.Thread.run(Thread.java:750)

2025-06-18 17:37:13 - call service to fetch data :
2025-06-18 17:37:13 - [{"his_order_id":"939151002225050510000101","patage":"62 Yr             ","labcode":null,"testparams":null,"testcode":null,"deptcode":null,"sampleNo":"250505MIC00001","sampleCode":"1002","samcollDate":"2025-05-05 14:24:13","pataddress":null,"patward":null,"reqdno":"939151002225050510000101","patient_id":"939152100000382","patient_fname":"Test Usr One    ","patient_mname":"-","patient_lname":"-","patient_sex":"M","patdob":"1963-02-11 00:00:00","phone_number":"7888888889","email_id":"-","patient_type":"Special","center_id":"All India Institue of Medical Sciences, Bathinda","test_id":"10193","test_name":"Bacteriology New Template","sampletypename":"Blood","machineId":null},{"his_order_id":"939151002225040810000101","patage":"62 Yr             ","labcode":null,"testparams":null,"testcode":null,"deptcode":null,"sampleNo":"250408MIC00000","sampleCode":"1002","samcollDate":"2025-04-08 10:23:01","pataddress":null,"patward":null,"reqdno":"939151002225040810000101","patient_id":"939152100000382","patient_fname":"Test Usr One    ","patient_mname":"-","patient_lname":"-","patient_sex":"M","patdob":"1963-02-11 00:00:00","phone_number":"7888888889","email_id":"NA","patient_type":"Special","center_id":"All India Institue of Medical Sciences, Bathinda","test_id":"10193","test_name":"Bacteriology New Template","sampletypename":"Blood","machineId":null}]
2025-06-18 17:37:13 - Call Fun to Save Data in Local Db
